<?xml version="1.0" encoding="UTF-8"?>
<!-- Generated by org.testng.reporters.JUnitReportReporter -->
<testsuite skipped="0" hostname="LAPTOP-5JSPS2SF" name="testNG.Frameshandle" tests="1" failures="0" timestamp="2019-09-23T13:09:23 EDT" time="26.207" errors="0">
  <testcase name="f" time="26.207" classname="testNG.Frameshandle"/>
</testsuite> <!-- testNG.Frameshandle -->
