<?xml version="1.0" encoding="UTF-8"?>
<!-- Generated by org.testng.reporters.JUnitReportReporter -->
<testsuite skipped="0" hostname="LAPTOP-5JSPS2SF" name="testNG.Firstclass" tests="2" failures="0" timestamp="2019-09-21T12:24:51 EDT" time="0.017" errors="0">
  <testcase name="b" time="0.016" classname="testNG.Firstclass"/>
  <testcase name="f" time="0.001" classname="testNG.Firstclass"/>
</testsuite> <!-- testNG.Firstclass -->
