<?xml version="1.0" encoding="UTF-8"?>
<!-- Generated by org.testng.reporters.JUnitReportReporter -->
<testsuite skipped="0" hostname="LAPTOP-5JSPS2SF" name="testNG.Volunteerregistration_TTD" tests="1" failures="0" timestamp="2019-10-01T12:35:16 EDT" time="28.682" errors="0">
  <testcase name="f" time="28.682" classname="testNG.Volunteerregistration_TTD"/>
</testsuite> <!-- testNG.Volunteerregistration_TTD -->
