<?xml version="1.0" encoding="UTF-8"?>
<!-- Generated by org.testng.reporters.JUnitReportReporter -->
<testsuite skipped="0" hostname="LAPTOP-5JSPS2SF" name="testNG.toyota_brochure" tests="1" failures="0" timestamp="2019-09-21T12:24:51 EDT" time="32.026" errors="0">
  <testcase name="f" time="32.026" classname="testNG.toyota_brochure"/>
</testsuite> <!-- testNG.toyota_brochure -->
