<?xml version="1.0" encoding="UTF-8"?>
<!-- Generated by org.testng.reporters.JUnitReportReporter -->
<testsuite skipped="0" hostname="LAPTOP-5JSPS2SF" name="testNG.Annotations1" tests="2" failures="0" timestamp="2019-09-21T12:24:51 EDT" time="0.002" errors="0">
  <testcase name="v" time="0.001" classname="testNG.Annotations1"/>
  <testcase name="f" time="0.001" classname="testNG.Annotations1"/>
</testsuite> <!-- testNG.Annotations1 -->
