<?xml version="1.0" encoding="UTF-8"?>
<!-- Generated by org.testng.reporters.JUnitReportReporter -->
<testsuite skipped="0" hostname="LAPTOP-5JSPS2SF" name="testNG.Annotation2" tests="1" failures="0" timestamp="2019-09-21T12:29:11 EDT" time="0.007" errors="0">
  <testcase name="b" time="0.007" classname="testNG.Annotation2"/>
</testsuite> <!-- testNG.Annotation2 -->
