<?xml version="1.0" encoding="UTF-8"?>
<!-- Generated by org.testng.reporters.JUnitReportReporter -->
<testsuite skipped="0" hostname="LAPTOP-5JSPS2SF" name="testNG.Jri_login" tests="1" failures="0" timestamp="2019-09-21T12:24:51 EDT" time="13.633" errors="0">
  <testcase name="f" time="13.633" classname="testNG.Jri_login"/>
</testsuite> <!-- testNG.Jri_login -->
