<?xml version="1.0" encoding="UTF-8"?>
<!-- Generated by org.testng.reporters.JUnitReportReporter -->
<testsuite skipped="0" hostname="LAPTOP-5JSPS2SF" name="testNG.Jri_Retesting" tests="2" failures="0" timestamp="2019-09-27T18:24:15 EDT" time="0.020" errors="0">
  <testcase name="f" time="0.018" classname="testNG.Jri_Retesting"/>
  <testcase name="f" time="0.002" classname="testNG.Jri_Retesting"/>
</testsuite> <!-- testNG.Jri_Retesting -->
