<?xml version="1.0" encoding="UTF-8"?>
<!-- Generated by org.testng.reporters.JUnitReportReporter -->
<testsuite skipped="0" hostname="LAPTOP-5JSPS2SF" name="testNG.Prioritysample" tests="3" failures="0" timestamp="2019-09-21T12:24:51 EDT" time="0.006" errors="0">
  <testcase name="a" time="0.001" classname="testNG.Prioritysample"/>
  <testcase name="f" time="0.001" classname="testNG.Prioritysample"/>
  <testcase name="b" time="0.004" classname="testNG.Prioritysample"/>
</testsuite> <!-- testNG.Prioritysample -->
