<?xml version="1.0" encoding="UTF-8"?>
<!-- Generated by org.testng.reporters.JUnitReportReporter -->
<testsuite skipped="0" hostname="LAPTOP-5JSPS2SF" name="testNG.compare_msg" tests="1" failures="0" timestamp="2019-10-23T21:09:17 EDT" time="24.720" errors="0">
  <testcase name="f" time="24.720" classname="testNG.compare_msg"/>
</testsuite> <!-- testNG.compare_msg -->
